[debug] [2020-12-03T22:39:18.887Z] ----------------------------------------------------------------------
[debug] [2020-12-03T22:39:18.893Z] Command:       C:\Program Files\nodejs\node.exe C:\Users\Daiane\AppData\Roaming\npm\node_modules\firebase-tools\lib\bin\firebase.js deploy --only hosting
[debug] [2020-12-03T22:39:18.893Z] CLI Version:   8.17.0
[debug] [2020-12-03T22:39:18.894Z] Platform:      win32
[debug] [2020-12-03T22:39:18.894Z] Node Version:  v14.7.0
[debug] [2020-12-03T22:39:18.896Z] Time:          Thu Dec 03 2020 19:39:18 GMT-0300 (Horário Padrão de Brasília)
[debug] [2020-12-03T22:39:18.897Z] ----------------------------------------------------------------------
[debug] [2020-12-03T22:39:18.897Z] 
[debug] [2020-12-03T22:39:18.928Z] > command requires scopes: ["email","openid","https://www.googleapis.com/auth/cloudplatformprojects.readonly","https://www.googleapis.com/auth/firebase","https://www.googleapis.com/auth/cloud-platform"]
[debug] [2020-12-03T22:39:18.930Z] > authorizing via signed-in user
[debug] [2020-12-03T22:39:18.930Z] [iam] checking project cronogramas-teste-871db for permissions ["firebase.projects.get","firebasehosting.sites.update"]
[debug] [2020-12-03T22:39:18.938Z] >>> HTTP REQUEST POST https://cloudresourcemanager.googleapis.com/v1/projects/cronogramas-teste-871db:testIamPermissions  
 {"permissions":["firebase.projects.get","firebasehosting.sites.update"]}
[debug] [2020-12-03T22:39:20.034Z] <<< HTTP RESPONSE 200 {"content-type":"application/json; charset=UTF-8","vary":"X-Origin, Referer, Origin,Accept-Encoding","date":"Thu, 03 Dec 2020 22:39:19 GMT","server":"ESF","cache-control":"private","x-xss-protection":"0","x-frame-options":"SAMEORIGIN","x-content-type-options":"nosniff","server-timing":"gfet4t7; dur=864","alt-svc":"h3-29=\":443\"; ma=2592000,h3-T051=\":443\"; ma=2592000,h3-Q050=\":443\"; ma=2592000,h3-Q046=\":443\"; ma=2592000,h3-Q043=\":443\"; ma=2592000,quic=\":443\"; ma=2592000; v=\"46,43\"","accept-ranges":"none","transfer-encoding":"chunked"}
[debug] [2020-12-03T22:39:20.041Z] >>> HTTP REQUEST GET https://firebase.googleapis.com/v1beta1/projects/cronogramas-teste-871db  
 
[debug] [2020-12-03T22:39:21.069Z] <<< HTTP RESPONSE 200 {"content-type":"application/json; charset=UTF-8","vary":"X-Origin, Referer, Origin,Accept-Encoding","date":"Thu, 03 Dec 2020 22:39:20 GMT","server":"ESF","cache-control":"private","x-xss-protection":"0","x-frame-options":"SAMEORIGIN","x-content-type-options":"nosniff","alt-svc":"h3-29=\":443\"; ma=2592000,h3-T051=\":443\"; ma=2592000,h3-Q050=\":443\"; ma=2592000,h3-Q046=\":443\"; ma=2592000,h3-Q043=\":443\"; ma=2592000,quic=\":443\"; ma=2592000; v=\"46,43\"","accept-ranges":"none","transfer-encoding":"chunked"}
[debug] [2020-12-03T22:39:21.286Z] TypeError [ERR_INVALID_ARG_TYPE]: The "path" argument must be of type string. Received undefined
    at validateString (internal/validators.js:121:11)
    at Object.join (path.js:375:7)
    at Object.checkFunctionsSDKVersion [as fn] (C:\Users\Daiane\AppData\Roaming\npm\node_modules\firebase-tools\lib\checkFirebaseSDKVersion.js:34:28)
    at Command.<anonymous> (C:\Users\Daiane\AppData\Roaming\npm\node_modules\firebase-tools\lib\command.js:170:30)
    at Generator.next (<anonymous>)
    at fulfilled (C:\Users\Daiane\AppData\Roaming\npm\node_modules\firebase-tools\lib\command.js:5:58)
    at processTicksAndRejections (internal/process/task_queues.js:93:5)
[error] 
[error] Error: An unexpected error has occurred.
[debug] [2020-12-03T22:39:37.775Z] ----------------------------------------------------------------------
[debug] [2020-12-03T22:39:37.780Z] Command:       C:\Program Files\nodejs\node.exe C:\Users\Daiane\AppData\Roaming\npm\node_modules\firebase-tools\lib\bin\firebase.js deploy --only hosting
[debug] [2020-12-03T22:39:37.781Z] CLI Version:   8.17.0
[debug] [2020-12-03T22:39:37.783Z] Platform:      win32
[debug] [2020-12-03T22:39:37.784Z] Node Version:  v14.7.0
[debug] [2020-12-03T22:39:37.786Z] Time:          Thu Dec 03 2020 19:39:37 GMT-0300 (Horário Padrão de Brasília)
[debug] [2020-12-03T22:39:37.787Z] ----------------------------------------------------------------------
[debug] [2020-12-03T22:39:37.787Z] 
[debug] [2020-12-03T22:39:37.805Z] > command requires scopes: ["email","openid","https://www.googleapis.com/auth/cloudplatformprojects.readonly","https://www.googleapis.com/auth/firebase","https://www.googleapis.com/auth/cloud-platform"]
[debug] [2020-12-03T22:39:37.806Z] > authorizing via signed-in user
[debug] [2020-12-03T22:39:37.807Z] [iam] checking project cronogramas-teste-871db for permissions ["firebase.projects.get","firebasehosting.sites.update"]
[debug] [2020-12-03T22:39:37.816Z] >>> HTTP REQUEST POST https://cloudresourcemanager.googleapis.com/v1/projects/cronogramas-teste-871db:testIamPermissions  
 {"permissions":["firebase.projects.get","firebasehosting.sites.update"]}
[debug] [2020-12-03T22:39:38.725Z] <<< HTTP RESPONSE 200 {"content-type":"application/json; charset=UTF-8","vary":"X-Origin, Referer, Origin,Accept-Encoding","date":"Thu, 03 Dec 2020 22:39:38 GMT","server":"ESF","cache-control":"private","x-xss-protection":"0","x-frame-options":"SAMEORIGIN","x-content-type-options":"nosniff","server-timing":"gfet4t7; dur=730","alt-svc":"h3-29=\":443\"; ma=2592000,h3-T051=\":443\"; ma=2592000,h3-Q050=\":443\"; ma=2592000,h3-Q046=\":443\"; ma=2592000,h3-Q043=\":443\"; ma=2592000,quic=\":443\"; ma=2592000; v=\"46,43\"","accept-ranges":"none","transfer-encoding":"chunked"}
[debug] [2020-12-03T22:39:38.727Z] >>> HTTP REQUEST GET https://firebase.googleapis.com/v1beta1/projects/cronogramas-teste-871db  
 
[debug] [2020-12-03T22:39:39.725Z] <<< HTTP RESPONSE 200 {"content-type":"application/json; charset=UTF-8","vary":"X-Origin, Referer, Origin,Accept-Encoding","date":"Thu, 03 Dec 2020 22:39:39 GMT","server":"ESF","cache-control":"private","x-xss-protection":"0","x-frame-options":"SAMEORIGIN","x-content-type-options":"nosniff","alt-svc":"h3-29=\":443\"; ma=2592000,h3-T051=\":443\"; ma=2592000,h3-Q050=\":443\"; ma=2592000,h3-Q046=\":443\"; ma=2592000,h3-Q043=\":443\"; ma=2592000,quic=\":443\"; ma=2592000; v=\"46,43\"","accept-ranges":"none","transfer-encoding":"chunked"}
[debug] [2020-12-03T22:39:39.881Z] TypeError [ERR_INVALID_ARG_TYPE]: The "path" argument must be of type string. Received undefined
    at validateString (internal/validators.js:121:11)
    at Object.join (path.js:375:7)
    at Object.checkFunctionsSDKVersion [as fn] (C:\Users\Daiane\AppData\Roaming\npm\node_modules\firebase-tools\lib\checkFirebaseSDKVersion.js:34:28)
    at Command.<anonymous> (C:\Users\Daiane\AppData\Roaming\npm\node_modules\firebase-tools\lib\command.js:170:30)
    at Generator.next (<anonymous>)
    at fulfilled (C:\Users\Daiane\AppData\Roaming\npm\node_modules\firebase-tools\lib\command.js:5:58)
    at processTicksAndRejections (internal/process/task_queues.js:93:5)
[error] 
[error] Error: An unexpected error has occurred.
[debug] [2020-12-03T22:39:50.100Z] ----------------------------------------------------------------------
[debug] [2020-12-03T22:39:50.102Z] Command:       C:\Program Files\nodejs\node.exe C:\Users\Daiane\AppData\Roaming\npm\node_modules\firebase-tools\lib\bin\firebase.js deploy
[debug] [2020-12-03T22:39:50.102Z] CLI Version:   8.17.0
[debug] [2020-12-03T22:39:50.103Z] Platform:      win32
[debug] [2020-12-03T22:39:50.103Z] Node Version:  v14.7.0
[debug] [2020-12-03T22:39:50.104Z] Time:          Thu Dec 03 2020 19:39:50 GMT-0300 (Horário Padrão de Brasília)
[debug] [2020-12-03T22:39:50.104Z] ----------------------------------------------------------------------
[debug] [2020-12-03T22:39:50.105Z] 
[debug] [2020-12-03T22:39:50.114Z] > command requires scopes: ["email","openid","https://www.googleapis.com/auth/cloudplatformprojects.readonly","https://www.googleapis.com/auth/firebase","https://www.googleapis.com/auth/cloud-platform"]
[debug] [2020-12-03T22:39:50.115Z] > authorizing via signed-in user
[debug] [2020-12-03T22:39:50.116Z] [iam] checking project cronogramas-teste-871db for permissions ["cloudfunctions.functions.create","cloudfunctions.functions.delete","cloudfunctions.functions.get","cloudfunctions.functions.list","cloudfunctions.functions.update","cloudfunctions.operations.get","firebase.projects.get","firebasehosting.sites.update"]
[debug] [2020-12-03T22:39:50.119Z] >>> HTTP REQUEST POST https://cloudresourcemanager.googleapis.com/v1/projects/cronogramas-teste-871db:testIamPermissions  
 {"permissions":["cloudfunctions.functions.create","cloudfunctions.functions.delete","cloudfunctions.functions.get","cloudfunctions.functions.list","cloudfunctions.functions.update","cloudfunctions.operations.get","firebase.projects.get","firebasehosting.sites.update"]}
[debug] [2020-12-03T22:39:50.993Z] <<< HTTP RESPONSE 200 {"content-type":"application/json; charset=UTF-8","vary":"X-Origin, Referer, Origin,Accept-Encoding","date":"Thu, 03 Dec 2020 22:39:50 GMT","server":"ESF","cache-control":"private","x-xss-protection":"0","x-frame-options":"SAMEORIGIN","x-content-type-options":"nosniff","server-timing":"gfet4t7; dur=724","alt-svc":"h3-29=\":443\"; ma=2592000,h3-T051=\":443\"; ma=2592000,h3-Q050=\":443\"; ma=2592000,h3-Q046=\":443\"; ma=2592000,h3-Q043=\":443\"; ma=2592000,quic=\":443\"; ma=2592000; v=\"46,43\"","accept-ranges":"none","transfer-encoding":"chunked"}
[debug] [2020-12-03T22:39:50.998Z] >>> HTTP REQUEST POST https://iam.googleapis.com/v1/projects/cronogramas-teste-871db/serviceAccounts/cronogramas-teste-871db@appspot.gserviceaccount.com:testIamPermissions  
 {"permissions":["iam.serviceAccounts.actAs"]}
[debug] [2020-12-03T22:39:51.899Z] <<< HTTP RESPONSE 200 {"content-type":"application/json; charset=UTF-8","vary":"X-Origin, Referer, Origin,Accept-Encoding","date":"Thu, 03 Dec 2020 22:39:51 GMT","server":"ESF","cache-control":"private","x-xss-protection":"0","x-frame-options":"SAMEORIGIN","x-content-type-options":"nosniff","alt-svc":"h3-29=\":443\"; ma=2592000,h3-T051=\":443\"; ma=2592000,h3-Q050=\":443\"; ma=2592000,h3-Q046=\":443\"; ma=2592000,h3-Q043=\":443\"; ma=2592000,quic=\":443\"; ma=2592000; v=\"46,43\"","accept-ranges":"none","transfer-encoding":"chunked"}
[debug] [2020-12-03T22:39:51.901Z] >>> HTTP REQUEST GET https://firebase.googleapis.com/v1beta1/projects/cronogramas-teste-871db  
 
[debug] [2020-12-03T22:39:52.892Z] <<< HTTP RESPONSE 200 {"content-type":"application/json; charset=UTF-8","vary":"X-Origin, Referer, Origin,Accept-Encoding","date":"Thu, 03 Dec 2020 22:39:52 GMT","server":"ESF","cache-control":"private","x-xss-protection":"0","x-frame-options":"SAMEORIGIN","x-content-type-options":"nosniff","alt-svc":"h3-29=\":443\"; ma=2592000,h3-T051=\":443\"; ma=2592000,h3-Q050=\":443\"; ma=2592000,h3-Q046=\":443\"; ma=2592000,h3-Q043=\":443\"; ma=2592000,quic=\":443\"; ma=2592000; v=\"46,43\"","accept-ranges":"none","transfer-encoding":"chunked"}
[debug] [2020-12-03T22:39:53.064Z] TypeError [ERR_INVALID_ARG_TYPE]: The "path" argument must be of type string. Received undefined
    at validateString (internal/validators.js:121:11)
    at Object.join (path.js:375:7)
    at Object.checkFunctionsSDKVersion [as fn] (C:\Users\Daiane\AppData\Roaming\npm\node_modules\firebase-tools\lib\checkFirebaseSDKVersion.js:34:28)
    at Command.<anonymous> (C:\Users\Daiane\AppData\Roaming\npm\node_modules\firebase-tools\lib\command.js:170:30)
    at Generator.next (<anonymous>)
    at fulfilled (C:\Users\Daiane\AppData\Roaming\npm\node_modules\firebase-tools\lib\command.js:5:58)
    at processTicksAndRejections (internal/process/task_queues.js:93:5)
[error] 
[error] Error: An unexpected error has occurred.
